<?xml version="1.0" encoding="UTF-8"?>
<testng-results skipped="0" failed="1" ignored="0" total="2" passed="1">
  <reporter-output>
  </reporter-output>
  <suite name="Default suite" duration-ms="118774" started-at="2018-02-17T11:25:46Z" finished-at="2018-02-17T11:27:45Z">
    <groups>
    </groups>
    <test name="Default test" duration-ms="118774" started-at="2018-02-17T11:25:46Z" finished-at="2018-02-17T11:27:45Z">
      <class name="c2info_ElMob.LoginPageTC.verifylogin">
        <test-method status="PASS" signature="openAPP()[pri:0, instance:c2info_ElMob.LoginPageTC.verifylogin@60c6f5b]" name="openAPP" is-config="true" duration-ms="11563" started-at="2018-02-17T16:55:46Z" finished-at="2018-02-17T16:55:57Z">
          <reporter-output>
          </reporter-output>
        </test-method> <!-- openAPP -->
        <test-method status="PASS" signature="login()[pri:0, instance:c2info_ElMob.LoginPageTC.verifylogin@60c6f5b]" name="login" duration-ms="71498" started-at="2018-02-17T16:55:57Z" finished-at="2018-02-17T16:57:09Z">
          <reporter-output>
          </reporter-output>
        </test-method> <!-- login -->
        <test-method status="FAIL" signature="tabcheck()[pri:1, instance:c2info_ElMob.LoginPageTC.verifylogin@60c6f5b]" name="tabcheck" duration-ms="35685" started-at="2018-02-17T16:57:09Z" finished-at="2018-02-17T16:57:45Z">
          <exception class="org.openqa.selenium.NoSuchElementException">
            <message>
              <![CDATA[An element could not be located on the page using the given search parameters. (WARNING: The server did not provide any stacktrace information)
Command duration or timeout: 1.37 seconds
For documentation on this error, please visit: http://seleniumhq.org/exceptions/no_such_element.html
Build info: version: '2.53.1', revision: 'a36b8b1cd5757287168e54b817830adce9b0158d', time: '2016-06-30 19:26:09'
System info: host: 'ChethanBidare-pc', ip: '172.16.18.225', os.name: 'Windows 10', os.arch: 'amd64', os.version: '10.0', java.version: '1.8.0_144'
Driver info: io.appium.java_client.android.AndroidDriver
Capabilities [{appPackage=com.c2info.ecolite, deviceScreenSize=720x1280, networkConnectionEnabled=true, warnings={}, databaseEnabled=false, version=5.1, deviceName=IVWCWKRCUSZST85D, platform=LINUX, deviceUDID=IVWCWKRCUSZST85D, appActivity=com.c2info.ecolite.ui.activity.SplashScreenActivity, desired={appPackage=com.c2info.ecolite, appActivity=com.c2info.ecolite.ui.activity.SplashScreenActivity, browserName=ANDROID, platformName=Android, version=5.1, deviceName=ZX1D64CPT2}, platformVersion=5.1, webStorageEnabled=false, locationContextEnabled=false, takesScreenshot=true, browserName=ANDROID, javascriptEnabled=true, deviceModel=LS-6001, platformName=Android, deviceManufacturer=LYF}]
Session ID: d79e572a-d688-418c-94dd-c220b6c1b73b
*** Element info: {Using=id, value=com.c2info.ecolite:id/textview_itemname}]]>
            </message>
            <full-stacktrace>
              <![CDATA[org.openqa.selenium.NoSuchElementException: An element could not be located on the page using the given search parameters. (WARNING: The server did not provide any stacktrace information)
Command duration or timeout: 1.37 seconds
For documentation on this error, please visit: http://seleniumhq.org/exceptions/no_such_element.html
Build info: version: '2.53.1', revision: 'a36b8b1cd5757287168e54b817830adce9b0158d', time: '2016-06-30 19:26:09'
System info: host: 'ChethanBidare-pc', ip: '172.16.18.225', os.name: 'Windows 10', os.arch: 'amd64', os.version: '10.0', java.version: '1.8.0_144'
Driver info: io.appium.java_client.android.AndroidDriver
Capabilities [{appPackage=com.c2info.ecolite, deviceScreenSize=720x1280, networkConnectionEnabled=true, warnings={}, databaseEnabled=false, version=5.1, deviceName=IVWCWKRCUSZST85D, platform=LINUX, deviceUDID=IVWCWKRCUSZST85D, appActivity=com.c2info.ecolite.ui.activity.SplashScreenActivity, desired={appPackage=com.c2info.ecolite, appActivity=com.c2info.ecolite.ui.activity.SplashScreenActivity, browserName=ANDROID, platformName=Android, version=5.1, deviceName=ZX1D64CPT2}, platformVersion=5.1, webStorageEnabled=false, locationContextEnabled=false, takesScreenshot=true, browserName=ANDROID, javascriptEnabled=true, deviceModel=LS-6001, platformName=Android, deviceManufacturer=LYF}]
Session ID: d79e572a-d688-418c-94dd-c220b6c1b73b
*** Element info: {Using=id, value=com.c2info.ecolite:id/textview_itemname}
	at sun.reflect.NativeConstructorAccessorImpl.newInstance0(Native Method)
	at sun.reflect.NativeConstructorAccessorImpl.newInstance(NativeConstructorAccessorImpl.java:62)
	at sun.reflect.DelegatingConstructorAccessorImpl.newInstance(DelegatingConstructorAccessorImpl.java:45)
	at java.lang.reflect.Constructor.newInstance(Constructor.java:423)
	at org.openqa.selenium.remote.ErrorHandler.createThrowable(ErrorHandler.java:206)
	at org.openqa.selenium.remote.ErrorHandler.throwIfResponseFailed(ErrorHandler.java:158)
	at org.openqa.selenium.remote.RemoteWebDriver.execute(RemoteWebDriver.java:678)
	at io.appium.java_client.DefaultGenericMobileDriver.execute(DefaultGenericMobileDriver.java:42)
	at io.appium.java_client.AppiumDriver.execute(AppiumDriver.java:1)
	at io.appium.java_client.android.AndroidDriver.execute(AndroidDriver.java:1)
	at org.openqa.selenium.remote.RemoteWebDriver.findElement(RemoteWebDriver.java:363)
	at org.openqa.selenium.remote.RemoteWebDriver.findElementById(RemoteWebDriver.java:413)
	at io.appium.java_client.DefaultGenericMobileDriver.findElementById(DefaultGenericMobileDriver.java:62)
	at io.appium.java_client.AppiumDriver.findElementById(AppiumDriver.java:1)
	at io.appium.java_client.android.AndroidDriver.findElementById(AndroidDriver.java:1)
	at org.openqa.selenium.By$ById.findElement(By.java:218)
	at org.openqa.selenium.remote.RemoteWebDriver.findElement(RemoteWebDriver.java:355)
	at io.appium.java_client.DefaultGenericMobileDriver.findElement(DefaultGenericMobileDriver.java:52)
	at io.appium.java_client.AppiumDriver.findElement(AppiumDriver.java:1)
	at io.appium.java_client.android.AndroidDriver.findElement(AndroidDriver.java:1)
	at c2info_ElMob.UI_Actions.Sales.clickOnSearchedItem(Sales.java:166)
	at c2info_ElMob.LoginPageTC.verifylogin.tabcheck(verifylogin.java:52)
	at sun.reflect.NativeMethodAccessorImpl.invoke0(Native Method)
	at sun.reflect.NativeMethodAccessorImpl.invoke(NativeMethodAccessorImpl.java:62)
	at sun.reflect.DelegatingMethodAccessorImpl.invoke(DelegatingMethodAccessorImpl.java:43)
	at java.lang.reflect.Method.invoke(Method.java:498)
	at org.testng.internal.MethodInvocationHelper.invokeMethod(MethodInvocationHelper.java:108)
	at org.testng.internal.Invoker.invokeMethod(Invoker.java:661)
	at org.testng.internal.Invoker.invokeTestMethod(Invoker.java:869)
	at org.testng.internal.Invoker.invokeTestMethods(Invoker.java:1193)
	at org.testng.internal.TestMethodWorker.invokeTestMethods(TestMethodWorker.java:126)
	at org.testng.internal.TestMethodWorker.run(TestMethodWorker.java:109)
	at org.testng.TestRunner.privateRun(TestRunner.java:744)
	at org.testng.TestRunner.run(TestRunner.java:602)
	at org.testng.SuiteRunner.runTest(SuiteRunner.java:380)
	at org.testng.SuiteRunner.runSequentially(SuiteRunner.java:375)
	at org.testng.SuiteRunner.privateRun(SuiteRunner.java:340)
	at org.testng.SuiteRunner.run(SuiteRunner.java:289)
	at org.testng.SuiteRunnerWorker.runSuite(SuiteRunnerWorker.java:52)
	at org.testng.SuiteRunnerWorker.run(SuiteRunnerWorker.java:86)
	at org.testng.TestNG.runSuitesSequentially(TestNG.java:1301)
	at org.testng.TestNG.runSuitesLocally(TestNG.java:1226)
	at org.testng.TestNG.runSuites(TestNG.java:1144)
	at org.testng.TestNG.run(TestNG.java:1115)
	at org.testng.remote.AbstractRemoteTestNG.run(AbstractRemoteTestNG.java:114)
	at org.testng.remote.RemoteTestNG.initAndRun(RemoteTestNG.java:251)
	at org.testng.remote.RemoteTestNG.main(RemoteTestNG.java:77)
]]>
            </full-stacktrace>
          </exception> <!-- org.openqa.selenium.NoSuchElementException -->
          <reporter-output>
          </reporter-output>
        </test-method> <!-- tabcheck -->
      </class> <!-- c2info_ElMob.LoginPageTC.verifylogin -->
    </test> <!-- Default test -->
  </suite> <!-- Default suite -->
</testng-results>
