<?xml version="1.0" encoding="UTF-8"?>
<testng-results skipped="0" failed="1" ignored="0" total="2" passed="1">
  <reporter-output>
  </reporter-output>
  <suite name="Default suite" duration-ms="85106" started-at="2018-02-16T11:37:01Z" finished-at="2018-02-16T11:38:26Z">
    <groups>
    </groups>
    <test name="Default test" duration-ms="85106" started-at="2018-02-16T11:37:01Z" finished-at="2018-02-16T11:38:26Z">
      <class name="c2info_ElMob.LoginPageTC.verifylogin">
        <test-method status="PASS" signature="openAPP()[pri:0, instance:c2info_ElMob.LoginPageTC.verifylogin@60c6f5b]" name="openAPP" is-config="true" duration-ms="13539" started-at="2018-02-16T17:07:01Z" finished-at="2018-02-16T17:07:15Z">
          <reporter-output>
          </reporter-output>
        </test-method> <!-- openAPP -->
        <test-method status="PASS" signature="login()[pri:0, instance:c2info_ElMob.LoginPageTC.verifylogin@60c6f5b]" name="login" duration-ms="52082" started-at="2018-02-16T17:07:15Z" finished-at="2018-02-16T17:08:07Z">
          <reporter-output>
          </reporter-output>
        </test-method> <!-- login -->
        <test-method status="FAIL" signature="tabcheck()[pri:1, instance:c2info_ElMob.LoginPageTC.verifylogin@60c6f5b]" name="tabcheck" duration-ms="19465" started-at="2018-02-16T17:08:07Z" finished-at="2018-02-16T17:08:26Z">
          <exception class="java.lang.NullPointerException">
            <full-stacktrace>
              <![CDATA[java.lang.NullPointerException
	at io.appium.java_client.TouchAction.perform(TouchAction.java:301)
	at c2info_ElMob.TestBase.TestBase.swipeUpInBatchList(TestBase.java:42)
	at c2info_ElMob.LoginPageTC.verifylogin.tabcheck(verifylogin.java:49)
	at sun.reflect.NativeMethodAccessorImpl.invoke0(Native Method)
	at sun.reflect.NativeMethodAccessorImpl.invoke(NativeMethodAccessorImpl.java:62)
	at sun.reflect.DelegatingMethodAccessorImpl.invoke(DelegatingMethodAccessorImpl.java:43)
	at java.lang.reflect.Method.invoke(Method.java:498)
	at org.testng.internal.MethodInvocationHelper.invokeMethod(MethodInvocationHelper.java:108)
	at org.testng.internal.Invoker.invokeMethod(Invoker.java:661)
	at org.testng.internal.Invoker.invokeTestMethod(Invoker.java:869)
	at org.testng.internal.Invoker.invokeTestMethods(Invoker.java:1193)
	at org.testng.internal.TestMethodWorker.invokeTestMethods(TestMethodWorker.java:126)
	at org.testng.internal.TestMethodWorker.run(TestMethodWorker.java:109)
	at org.testng.TestRunner.privateRun(TestRunner.java:744)
	at org.testng.TestRunner.run(TestRunner.java:602)
	at org.testng.SuiteRunner.runTest(SuiteRunner.java:380)
	at org.testng.SuiteRunner.runSequentially(SuiteRunner.java:375)
	at org.testng.SuiteRunner.privateRun(SuiteRunner.java:340)
	at org.testng.SuiteRunner.run(SuiteRunner.java:289)
	at org.testng.SuiteRunnerWorker.runSuite(SuiteRunnerWorker.java:52)
	at org.testng.SuiteRunnerWorker.run(SuiteRunnerWorker.java:86)
	at org.testng.TestNG.runSuitesSequentially(TestNG.java:1301)
	at org.testng.TestNG.runSuitesLocally(TestNG.java:1226)
	at org.testng.TestNG.runSuites(TestNG.java:1144)
	at org.testng.TestNG.run(TestNG.java:1115)
	at org.testng.remote.AbstractRemoteTestNG.run(AbstractRemoteTestNG.java:114)
	at org.testng.remote.RemoteTestNG.initAndRun(RemoteTestNG.java:251)
	at org.testng.remote.RemoteTestNG.main(RemoteTestNG.java:77)
]]>
            </full-stacktrace>
          </exception> <!-- java.lang.NullPointerException -->
          <reporter-output>
          </reporter-output>
        </test-method> <!-- tabcheck -->
      </class> <!-- c2info_ElMob.LoginPageTC.verifylogin -->
    </test> <!-- Default test -->
  </suite> <!-- Default suite -->
</testng-results>
